{"level":"info","message":"Connecté à MongoDB","timestamp":"2024-07-01T10:36:36.822Z"}
{"level":"info","message":"Connecté à RabbitMQ","timestamp":"2024-07-01T10:36:37.076Z"}
{"level":"info","message":"Consommateur de commandes clients initialisé","timestamp":"2024-07-01T10:36:37.078Z"}
{"level":"info","message":"Serveur démarré sur le port 18301","timestamp":"2024-07-01T10:36:37.082Z"}
{"level":"info","message":"Documentation Swagger disponible sur http://localhost:18301/v1/docs","timestamp":"2024-07-01T10:36:37.083Z"}
{"level":"info","message":"Connecté à MongoDB","timestamp":"2024-07-01T10:38:20.231Z"}
{"level":"info","message":"Connecté à RabbitMQ","timestamp":"2024-07-01T10:38:20.341Z"}
{"level":"info","message":"Consommateur de commandes clients initialisé","timestamp":"2024-07-01T10:38:20.343Z"}
{"level":"info","message":"Serveur démarré sur le port 18301","timestamp":"2024-07-01T10:38:20.347Z"}
{"level":"info","message":"Documentation Swagger disponible sur http://localhost:18301/v1/docs","timestamp":"2024-07-01T10:38:20.349Z"}
{"level":"info","message":"Connecté à MongoDB","timestamp":"2024-07-01T10:44:07.520Z"}
{"level":"info","message":"Connecté à RabbitMQ","timestamp":"2024-07-01T10:44:07.801Z"}
{"level":"info","message":"Consommateur de commandes clients initialisé","timestamp":"2024-07-01T10:44:07.807Z"}
{"level":"info","message":"Serveur démarré sur le port 18301","timestamp":"2024-07-01T10:44:07.816Z"}
{"level":"info","message":"Connecté à MongoDB","timestamp":"2024-07-01T10:52:35.974Z"}
{"level":"info","message":"Connecté à RabbitMQ","timestamp":"2024-07-01T10:52:36.131Z"}
{"level":"info","message":"Consommateur de commandes clients initialisé","timestamp":"2024-07-01T10:52:36.135Z"}
{"level":"info","message":"Serveur démarré sur le port 18301","timestamp":"2024-07-01T10:52:36.144Z"}
{"level":"info","message":"Connecté à MongoDB","timestamp":"2024-07-01T10:53:02.774Z"}
{"level":"info","message":"Connecté à RabbitMQ","timestamp":"2024-07-01T10:53:02.894Z"}
{"level":"info","message":"Consommateur de commandes clients initialisé","timestamp":"2024-07-01T10:53:02.897Z"}
{"level":"info","message":"Serveur démarré sur le port 18301","timestamp":"2024-07-01T10:53:02.902Z"}
{"level":"info","message":"Connecté à MongoDB","timestamp":"2024-07-01T10:53:14.463Z"}
{"level":"info","message":"Connecté à RabbitMQ","timestamp":"2024-07-01T10:53:14.594Z"}
{"level":"info","message":"Consommateur de commandes clients initialisé","timestamp":"2024-07-01T10:53:14.602Z"}
{"level":"info","message":"Serveur démarré sur le port 18301","timestamp":"2024-07-01T10:53:14.610Z"}
{"level":"info","message":"Connecté à MongoDB","timestamp":"2024-07-01T10:56:31.430Z"}
{"level":"info","message":"Connecté à RabbitMQ","timestamp":"2024-07-01T10:56:31.580Z"}
{"level":"info","message":"Consommateur de commandes clients initialisé","timestamp":"2024-07-01T10:56:31.583Z"}
{"level":"info","message":"Serveur démarré sur le port 18301","timestamp":"2024-07-01T10:56:31.595Z"}
{"level":"info","message":"Connexion à MongoDB interrompue","timestamp":"2024-07-01T11:01:40.121Z"}
{"level":"info","message":"Connexion à MongoDB interrompue","timestamp":"2024-07-01T11:36:42.464Z"}
{"level":"info","message":"Arrêt du serveur...","timestamp":"2024-07-01T12:50:29.293Z"}
{"level":"info","message":"Connexion à MongoDB interrompue","timestamp":"2024-07-01T12:50:29.412Z"}
{"level":"info","message":"Connexions fermées proprement","timestamp":"2024-07-01T12:50:29.523Z"}
{"level":"info","message":"Connecté à MongoDB","timestamp":"2024-07-01T12:50:53.514Z"}
{"level":"info","message":"Connecté à RabbitMQ","timestamp":"2024-07-01T12:50:53.732Z"}
{"level":"info","message":"Consommateur de commandes clients initialisé","timestamp":"2024-07-01T12:50:53.739Z"}
{"level":"info","message":"Serveur démarré sur le port 18301","timestamp":"2024-07-01T12:50:53.753Z"}
{"level":"info","message":"Arrêt du serveur...","timestamp":"2024-07-01T13:04:43.822Z"}
{"level":"info","message":"Connexion à MongoDB interrompue","timestamp":"2024-07-01T13:04:43.936Z"}
{"level":"info","message":"Connexions fermées proprement","timestamp":"2024-07-01T13:04:44.043Z"}
{"level":"info","message":"Connecté à MongoDB","timestamp":"2024-07-01T13:05:02.070Z"}
{"level":"info","message":"Connecté à RabbitMQ","timestamp":"2024-07-01T13:05:02.225Z"}
{"level":"info","message":"Consommateur de commandes clients initialisé","timestamp":"2024-07-01T13:05:02.228Z"}
{"level":"info","message":"Serveur démarré sur le port 18301","timestamp":"2024-07-01T13:05:02.234Z"}
{"level":"info","message":"Connecté à MongoDB","timestamp":"2024-07-01T13:07:24.669Z"}
{"level":"info","message":"Connecté à RabbitMQ","timestamp":"2024-07-01T13:07:24.792Z"}
{"level":"info","message":"Consommateur de commandes clients initialisé","timestamp":"2024-07-01T13:07:24.794Z"}
{"level":"info","message":"Serveur démarré sur le port 18301","timestamp":"2024-07-01T13:07:24.798Z"}
{"level":"info","message":"Connecté à MongoDB","timestamp":"2024-07-01T13:07:45.331Z"}
{"level":"info","message":"Connecté à RabbitMQ","timestamp":"2024-07-01T13:07:45.432Z"}
{"level":"info","message":"Consommateur de commandes clients initialisé","timestamp":"2024-07-01T13:07:45.436Z"}
{"level":"info","message":"Serveur démarré sur le port 18301","timestamp":"2024-07-01T13:07:45.442Z"}
{"level":"info","message":"Connecté à MongoDB","timestamp":"2024-07-01T13:08:23.173Z"}
{"level":"info","message":"Connecté à RabbitMQ","timestamp":"2024-07-01T13:08:23.319Z"}
{"level":"info","message":"Consommateur de commandes clients initialisé","timestamp":"2024-07-01T13:08:23.326Z"}
{"level":"info","message":"Serveur démarré sur le port 18301","timestamp":"2024-07-01T13:08:23.331Z"}
{"level":"info","message":"Connexion à MongoDB interrompue","timestamp":"2024-07-01T13:35:21.916Z"}
{"level":"info","message":"Arrêt du serveur...","timestamp":"2024-07-02T07:55:42.159Z"}
{"level":"info","message":"Connecté à MongoDB","timestamp":"2024-07-02T07:56:26.474Z"}
{"level":"info","message":"Connecté à RabbitMQ","timestamp":"2024-07-02T07:56:26.591Z"}
{"level":"info","message":"Consommateur de commandes clients initialisé","timestamp":"2024-07-02T07:56:26.594Z"}
{"level":"info","message":"Serveur démarré sur le port 18301","timestamp":"2024-07-02T07:56:26.602Z"}
{"level":"info","message":"Arrêt du serveur...","timestamp":"2024-07-02T08:09:00.470Z"}
{"level":"info","message":"Connecté à MongoDB","timestamp":"2024-07-02T08:09:30.746Z"}
{"level":"info","message":"Connecté à RabbitMQ","timestamp":"2024-07-02T08:09:31.016Z"}
{"level":"info","message":"Consommateur de commandes clients initialisé","timestamp":"2024-07-02T08:09:31.019Z"}
{"level":"info","message":"Serveur démarré sur le port 18301","timestamp":"2024-07-02T08:09:31.026Z"}
{"level":"info","message":"Connecté à MongoDB","timestamp":"2024-07-02T08:18:30.125Z"}
{"level":"info","message":"Connecté à RabbitMQ","timestamp":"2024-07-02T08:18:30.308Z"}
{"level":"info","message":"Consommateur de commandes clients initialisé","timestamp":"2024-07-02T08:18:30.344Z"}
{"level":"info","message":"Serveur démarré sur le port 18301","timestamp":"2024-07-02T08:18:30.360Z"}
{"level":"info","message":"Arrêt du serveur...","timestamp":"2024-07-02T08:20:34.632Z"}
{"level":"info","message":"Connexion à MongoDB interrompue","timestamp":"2024-07-02T08:20:34.686Z"}
{"level":"info","message":"Connexions fermées proprement","timestamp":"2024-07-02T08:20:34.834Z"}
{"level":"info","message":"Connecté à MongoDB","timestamp":"2024-07-02T08:21:01.812Z"}
{"level":"info","message":"Connecté à RabbitMQ","timestamp":"2024-07-02T08:21:02.061Z"}
{"level":"info","message":"Consommateur de commandes clients initialisé","timestamp":"2024-07-02T08:21:02.093Z"}
{"level":"info","message":"Serveur démarré sur le port 18301","timestamp":"2024-07-02T08:21:02.105Z"}
{"level":"info","message":"Connecté à MongoDB","timestamp":"2024-07-02T09:01:18.017Z"}
{"level":"info","message":"Connecté à RabbitMQ","timestamp":"2024-07-02T09:01:19.308Z"}
{"level":"info","message":"Serveur démarré sur le port 18301","timestamp":"2024-07-02T09:01:19.517Z"}
{"level":"info","message":"Connecté à MongoDB","timestamp":"2024-07-02T10:01:47.958Z"}
{"level":"info","message":"Connecté à RabbitMQ","timestamp":"2024-07-02T10:01:48.237Z"}
{"level":"info","message":"Serveur démarré sur le port 18301","timestamp":"2024-07-02T10:01:48.422Z"}
{"level":"info","message":"Connecté à MongoDB","timestamp":"2024-07-02T10:41:59.995Z"}
{"level":"info","message":"Connecté à RabbitMQ","timestamp":"2024-07-02T10:42:00.172Z"}
{"level":"info","message":"Serveur démarré sur le port 18301","timestamp":"2024-07-02T10:42:00.590Z"}
{"level":"info","message":"Connecté à MongoDB","timestamp":"2024-07-02T11:41:19.430Z"}
{"level":"info","message":"Connecté à RabbitMQ","timestamp":"2024-07-02T11:41:19.618Z"}
{"level":"info","message":"Serveur démarré sur le port 18301","timestamp":"2024-07-02T11:41:19.797Z"}
{"level":"info","message":"Connecté à MongoDB","timestamp":"2024-07-02T12:23:02.138Z"}
{"level":"info","message":"Connecté à RabbitMQ","timestamp":"2024-07-02T12:23:02.310Z"}
{"level":"info","message":"Serveur démarré sur le port 18301","timestamp":"2024-07-02T12:23:02.533Z"}
{"level":"info","message":"Connecté à MongoDB","timestamp":"2024-07-02T12:56:32.704Z"}
{"level":"info","message":"Connecté à RabbitMQ","timestamp":"2024-07-02T12:56:32.823Z"}
{"level":"info","message":"Serveur démarré sur le port 18301","timestamp":"2024-07-02T12:56:32.992Z"}
{"level":"info","message":"Connecté à MongoDB","timestamp":"2024-07-02T13:32:56.864Z"}
{"level":"info","message":"Connecté à RabbitMQ","timestamp":"2024-07-02T13:32:57.147Z"}
{"level":"info","message":"Serveur démarré sur le port 18301","timestamp":"2024-07-02T13:32:57.349Z"}
{"level":"info","message":"Connecté à MongoDB","timestamp":"2024-07-02T14:00:39.686Z"}
{"level":"info","message":"Connecté à RabbitMQ","timestamp":"2024-07-02T14:00:40.760Z"}
{"level":"info","message":"Consommateur de commandes clients initialisé","timestamp":"2024-07-02T14:00:40.855Z"}
{"level":"info","message":"Serveur démarré sur le port 18301","timestamp":"2024-07-02T14:00:40.870Z"}
{"level":"info","message":"Connecté à MongoDB","timestamp":"2024-07-02T14:03:34.388Z"}
{"level":"info","message":"Connecté à RabbitMQ","timestamp":"2024-07-02T14:03:34.514Z"}
{"level":"info","message":"Consommateur de commandes clients initialisé","timestamp":"2024-07-02T14:03:34.684Z"}
{"level":"info","message":"Serveur démarré sur le port 18301","timestamp":"2024-07-02T14:03:34.691Z"}
{"level":"info","message":"Connecté à MongoDB","timestamp":"2024-07-02T14:31:05.278Z"}
{"level":"info","message":"Connecté à RabbitMQ","timestamp":"2024-07-02T14:31:05.798Z"}
{"level":"info","message":"Consommateur de commandes clients initialisé","timestamp":"2024-07-02T14:31:05.949Z"}
{"level":"info","message":"Serveur démarré sur le port 18301","timestamp":"2024-07-02T14:31:05.955Z"}
{"level":"info","message":"Connecté à MongoDB","timestamp":"2024-07-02T14:37:31.597Z"}
{"level":"info","message":"Connecté à RabbitMQ","timestamp":"2024-07-02T14:37:32.050Z"}
{"level":"info","message":"Consommateur de commandes clients initialisé","timestamp":"2024-07-02T14:37:32.234Z"}
{"level":"info","message":"Serveur démarré sur le port 18301","timestamp":"2024-07-02T14:37:32.242Z"}
{"level":"info","message":"Connecté à MongoDB","timestamp":"2024-07-02T14:45:14.809Z"}
{"level":"info","message":"Connecté à RabbitMQ","timestamp":"2024-07-02T14:45:16.254Z"}
{"level":"info","message":"Consommateur de commandes clients initialisé","timestamp":"2024-07-02T14:45:16.802Z"}
{"level":"info","message":"Serveur démarré sur le port 18301","timestamp":"2024-07-02T14:45:16.810Z"}
{"level":"info","message":"Connecté à MongoDB","timestamp":"2024-07-02T14:49:49.955Z"}
{"level":"info","message":"Connecté à RabbitMQ","timestamp":"2024-07-02T14:49:50.216Z"}
{"level":"info","message":"Consommateur de commandes clients initialisé","timestamp":"2024-07-02T14:49:50.387Z"}
{"level":"info","message":"Serveur démarré sur le port 18301","timestamp":"2024-07-02T14:49:50.393Z"}
{"level":"info","message":"Connecté à MongoDB","timestamp":"2024-07-02T14:51:22.041Z"}
{"level":"info","message":"Connecté à RabbitMQ","timestamp":"2024-07-02T14:51:22.413Z"}
{"level":"info","message":"Consommateur de commandes clients initialisé","timestamp":"2024-07-02T14:51:23.224Z"}
{"level":"info","message":"Serveur démarré sur le port 18301","timestamp":"2024-07-02T14:51:23.229Z"}
{"level":"info","message":"Connecté à MongoDB","timestamp":"2024-07-02T14:59:39.657Z"}
{"level":"info","message":"Connecté à RabbitMQ","timestamp":"2024-07-02T14:59:40.222Z"}
{"level":"info","message":"Consommateur de commandes clients initialisé","timestamp":"2024-07-02T14:59:40.674Z"}
{"level":"info","message":"Serveur démarré sur le port 18301","timestamp":"2024-07-02T14:59:40.874Z"}
{"level":"info","message":"Connecté à MongoDB","timestamp":"2024-07-02T15:06:35.647Z"}
{"level":"info","message":"Connecté à RabbitMQ","timestamp":"2024-07-02T15:06:35.941Z"}
{"level":"info","message":"Consommateur de commandes clients initialisé","timestamp":"2024-07-02T15:06:36.021Z"}
{"level":"info","message":"Serveur démarré sur le port 18301","timestamp":"2024-07-02T15:06:36.027Z"}
{"level":"info","message":"Connecté à MongoDB","timestamp":"2024-07-02T15:10:45.088Z"}
{"level":"info","message":"Connecté à RabbitMQ","timestamp":"2024-07-02T15:10:45.224Z"}
{"level":"info","message":"Consommateur de commandes clients initialisé","timestamp":"2024-07-02T15:10:45.381Z"}
{"level":"info","message":"Serveur démarré sur le port 18301","timestamp":"2024-07-02T15:10:45.386Z"}
{"level":"info","message":"Connecté à MongoDB","timestamp":"2024-07-02T15:18:17.276Z"}
{"level":"info","message":"Connecté à RabbitMQ","timestamp":"2024-07-02T15:18:17.512Z"}
{"level":"info","message":"Consommateur de commandes clients initialisé","timestamp":"2024-07-02T15:18:17.600Z"}
{"level":"info","message":"Serveur démarré sur le port 18301","timestamp":"2024-07-02T15:18:17.606Z"}
{"level":"info","message":"Connecté à MongoDB","timestamp":"2024-07-02T15:22:21.267Z"}
{"level":"info","message":"Connecté à RabbitMQ","timestamp":"2024-07-02T15:22:21.535Z"}
{"level":"info","message":"Consommateur de commandes clients initialisé","timestamp":"2024-07-02T15:22:21.625Z"}
{"level":"info","message":"Serveur démarré sur le port 18301","timestamp":"2024-07-02T15:22:21.645Z"}
{"level":"info","message":"Connecté à MongoDB","timestamp":"2024-07-02T15:23:36.220Z"}
{"level":"info","message":"Connecté à RabbitMQ","timestamp":"2024-07-02T15:23:36.444Z"}
{"level":"info","message":"Consommateur de commandes clients initialisé","timestamp":"2024-07-02T15:23:36.520Z"}
{"level":"info","message":"Serveur démarré sur le port 18301","timestamp":"2024-07-02T15:23:36.526Z"}
{"level":"info","message":"Connecté à MongoDB","timestamp":"2024-07-02T15:33:35.299Z"}
{"level":"info","message":"Connecté à RabbitMQ","timestamp":"2024-07-02T15:33:35.408Z"}
{"level":"info","message":"Consommateur de commandes clients initialisé","timestamp":"2024-07-02T15:33:35.480Z"}
{"level":"info","message":"Serveur démarré sur le port 18301","timestamp":"2024-07-02T15:33:35.486Z"}
{"level":"info","message":"Connecté à MongoDB","timestamp":"2024-07-02T15:52:14.701Z"}
{"level":"info","message":"Connecté à RabbitMQ","timestamp":"2024-07-02T15:52:15.039Z"}
{"level":"info","message":"Consommateur de commandes clients initialisé","timestamp":"2024-07-02T15:52:15.170Z"}
{"level":"info","message":"Serveur démarré sur le port 18301","timestamp":"2024-07-02T15:52:15.184Z"}
{"level":"info","message":"Connecté à MongoDB","timestamp":"2024-07-02T15:54:48.963Z"}
{"level":"info","message":"Connecté à MongoDB","timestamp":"2024-07-02T15:55:19.495Z"}
{"level":"info","message":"Connecté à RabbitMQ","timestamp":"2024-07-02T15:55:20.513Z"}
{"level":"info","message":"Consommateur de commandes clients initialisé","timestamp":"2024-07-02T15:55:20.879Z"}
{"level":"info","message":"Serveur démarré sur le port 18301","timestamp":"2024-07-02T15:55:20.893Z"}
{"level":"info","message":"Connecté à MongoDB","timestamp":"2024-07-02T15:58:53.663Z"}
{"level":"info","message":"Connecté à RabbitMQ","timestamp":"2024-07-02T15:58:53.867Z"}
{"level":"info","message":"Consommateur de commandes clients initialisé","timestamp":"2024-07-02T15:58:53.962Z"}
{"level":"info","message":"Serveur démarré sur le port 18301","timestamp":"2024-07-02T15:58:53.974Z"}
{"level":"info","message":"Connecté à MongoDB","timestamp":"2024-07-02T16:04:00.473Z"}
{"level":"info","message":"Connecté à RabbitMQ","timestamp":"2024-07-02T16:04:00.646Z"}
{"level":"info","message":"Consommateur de commandes clients initialisé","timestamp":"2024-07-02T16:04:00.870Z"}
{"level":"info","message":"Serveur démarré sur le port 18301","timestamp":"2024-07-02T16:04:00.889Z"}
{"level":"info","message":"Connecté à MongoDB","timestamp":"2024-07-02T16:04:27.303Z"}
{"level":"info","message":"Connecté à RabbitMQ","timestamp":"2024-07-02T16:04:27.447Z"}
{"level":"info","message":"Consommateur de commandes clients initialisé","timestamp":"2024-07-02T16:04:27.527Z"}
{"level":"info","message":"Serveur démarré sur le port 18301","timestamp":"2024-07-02T16:04:27.534Z"}
{"level":"info","message":"Connecté à MongoDB","timestamp":"2024-07-02T16:06:25.852Z"}
{"level":"info","message":"Connecté à RabbitMQ","timestamp":"2024-07-02T16:06:26.048Z"}
{"level":"info","message":"Consommateur de commandes clients initialisé","timestamp":"2024-07-02T16:06:26.134Z"}
{"level":"info","message":"Serveur démarré sur le port 18301","timestamp":"2024-07-02T16:06:26.140Z"}
{"level":"info","message":"Connecté à MongoDB","timestamp":"2024-07-02T16:07:05.239Z"}
{"level":"info","message":"Connecté à RabbitMQ","timestamp":"2024-07-02T16:07:05.368Z"}
{"level":"info","message":"Consommateur de commandes clients initialisé","timestamp":"2024-07-02T16:07:05.449Z"}
{"level":"info","message":"Serveur démarré sur le port 18301","timestamp":"2024-07-02T16:07:05.453Z"}
{"level":"info","message":"Connecté à MongoDB","timestamp":"2024-07-02T16:09:06.346Z"}
{"level":"info","message":"Connecté à RabbitMQ","timestamp":"2024-07-02T16:09:06.469Z"}
{"level":"info","message":"Consommateur de commandes clients initialisé","timestamp":"2024-07-02T16:09:06.550Z"}
{"level":"info","message":"Serveur démarré sur le port 18301","timestamp":"2024-07-02T16:09:06.555Z"}
{"level":"info","message":"Connecté à MongoDB","timestamp":"2024-07-02T16:11:19.770Z"}
{"level":"info","message":"Connecté à RabbitMQ","timestamp":"2024-07-02T16:11:19.895Z"}
{"level":"info","message":"Consommateur de commandes clients initialisé","timestamp":"2024-07-02T16:11:20.011Z"}
{"level":"info","message":"Serveur démarré sur le port 18301","timestamp":"2024-07-02T16:11:20.025Z"}
{"level":"info","message":"Connecté à MongoDB","timestamp":"2024-07-02T16:13:39.622Z"}
{"level":"info","message":"Connecté à RabbitMQ","timestamp":"2024-07-02T16:13:39.757Z"}
{"level":"info","message":"Consommateur de commandes clients initialisé","timestamp":"2024-07-02T16:13:39.845Z"}
{"level":"info","message":"Serveur démarré sur le port 18301","timestamp":"2024-07-02T16:13:39.851Z"}
{"level":"info","message":"Connecté à MongoDB","timestamp":"2024-07-02T16:20:07.175Z"}
{"level":"info","message":"Connecté à RabbitMQ","timestamp":"2024-07-02T16:20:07.432Z"}
{"level":"info","message":"Consommateur de commandes clients initialisé","timestamp":"2024-07-02T16:20:07.633Z"}
{"level":"info","message":"Serveur démarré sur le port 18301","timestamp":"2024-07-02T16:20:07.639Z"}
{"level":"info","message":"Connecté à MongoDB","timestamp":"2024-07-02T16:24:20.552Z"}
{"level":"info","message":"Connecté à RabbitMQ","timestamp":"2024-07-02T16:24:20.675Z"}
{"level":"info","message":"Consommateur de commandes clients initialisé","timestamp":"2024-07-02T16:24:20.835Z"}
{"level":"info","message":"Serveur démarré sur le port 18301","timestamp":"2024-07-02T16:24:20.841Z"}
{"level":"info","message":"Connecté à MongoDB","timestamp":"2024-07-02T16:26:53.337Z"}
{"level":"info","message":"Connecté à RabbitMQ","timestamp":"2024-07-02T16:26:54.387Z"}
{"level":"info","message":"Consommateur de commandes clients initialisé","timestamp":"2024-07-02T16:26:54.858Z"}
{"level":"info","message":"Serveur démarré sur le port 18301","timestamp":"2024-07-02T16:26:54.866Z"}
{"level":"info","message":"Connecté à MongoDB","timestamp":"2024-07-02T16:49:40.377Z"}
{"level":"info","message":"Connecté à RabbitMQ","timestamp":"2024-07-02T16:49:40.775Z"}
{"level":"info","message":"Consommateur de commandes clients initialisé","timestamp":"2024-07-02T16:49:42.111Z"}
{"level":"info","message":"Serveur démarré sur le port 18301","timestamp":"2024-07-02T16:49:42.117Z"}
{"level":"info","message":"Connecté à MongoDB","timestamp":"2024-07-02T16:56:35.999Z"}
{"level":"info","message":"Connecté à RabbitMQ","timestamp":"2024-07-02T16:56:36.154Z"}
{"level":"info","message":"Consommateur de commandes clients initialisé","timestamp":"2024-07-02T16:56:36.305Z"}
{"level":"info","message":"Serveur démarré sur le port 18301","timestamp":"2024-07-02T16:56:36.321Z"}
{"level":"info","message":"Connecté à MongoDB","timestamp":"2024-07-02T17:03:04.180Z"}
{"level":"info","message":"Connecté à RabbitMQ","timestamp":"2024-07-02T17:03:04.513Z"}
{"level":"info","message":"Consommateur de commandes clients initialisé","timestamp":"2024-07-02T17:03:05.277Z"}
{"level":"info","message":"Serveur démarré sur le port 18301","timestamp":"2024-07-02T17:03:05.418Z"}
{"level":"info","message":"Connecté à MongoDB","timestamp":"2024-07-02T17:05:23.270Z"}
{"level":"info","message":"Connecté à RabbitMQ","timestamp":"2024-07-02T17:05:23.435Z"}
{"level":"info","message":"Consommateur de commandes clients initialisé","timestamp":"2024-07-02T17:05:23.638Z"}
{"level":"info","message":"Serveur démarré sur le port 18301","timestamp":"2024-07-02T17:05:23.648Z"}
{"level":"info","message":"Connecté à MongoDB","timestamp":"2024-07-02T17:06:20.855Z"}
{"level":"info","message":"Connecté à RabbitMQ","timestamp":"2024-07-02T17:06:21.052Z"}
{"level":"info","message":"Consommateur de commandes clients initialisé","timestamp":"2024-07-02T17:06:21.197Z"}
{"level":"info","message":"Serveur démarré sur le port 18301","timestamp":"2024-07-02T17:06:21.201Z"}
{"level":"info","message":"Connecté à MongoDB","timestamp":"2024-07-02T17:09:10.617Z"}
{"level":"info","message":"Connecté à RabbitMQ","timestamp":"2024-07-02T17:09:10.857Z"}
{"level":"info","message":"Consommateur de commandes clients initialisé","timestamp":"2024-07-02T17:09:12.777Z"}
{"level":"info","message":"Serveur démarré sur le port 18301","timestamp":"2024-07-02T17:09:12.786Z"}
{"level":"info","message":"Connecté à MongoDB","timestamp":"2024-07-02T17:15:23.770Z"}
{"level":"info","message":"Connecté à RabbitMQ","timestamp":"2024-07-02T17:15:23.944Z"}
{"level":"info","message":"Consommateur de commandes clients initialisé","timestamp":"2024-07-02T17:15:24.110Z"}
{"level":"info","message":"Serveur démarré sur le port 18301","timestamp":"2024-07-02T17:15:24.118Z"}
{"level":"info","message":"Connecté à MongoDB","timestamp":"2024-07-02T17:20:32.807Z"}
{"level":"info","message":"Connecté à RabbitMQ","timestamp":"2024-07-02T17:20:33.314Z"}
{"level":"info","message":"Consommateur de commandes clients initialisé","timestamp":"2024-07-02T17:20:33.698Z"}
{"level":"info","message":"Serveur démarré sur le port 18301","timestamp":"2024-07-02T17:20:33.705Z"}
{"level":"info","message":"Connecté à MongoDB","timestamp":"2024-07-02T17:33:29.043Z"}
{"level":"info","message":"Connecté à RabbitMQ","timestamp":"2024-07-02T17:33:29.295Z"}
{"level":"info","message":"Consommateur de commandes clients initialisé","timestamp":"2024-07-02T17:33:29.383Z"}
{"level":"info","message":"Serveur démarré sur le port 18301","timestamp":"2024-07-02T17:33:29.389Z"}
{"level":"info","message":"Connecté à MongoDB","timestamp":"2024-07-02T17:35:57.570Z"}
{"level":"info","message":"Connecté à RabbitMQ","timestamp":"2024-07-02T17:35:57.792Z"}
{"level":"info","message":"Consommateur de commandes clients initialisé","timestamp":"2024-07-02T17:35:58.615Z"}
{"level":"info","message":"Serveur démarré sur le port 18301","timestamp":"2024-07-02T17:35:58.622Z"}
{"level":"info","message":"Connecté à MongoDB","timestamp":"2024-07-02T17:42:30.914Z"}
{"level":"info","message":"Connecté à RabbitMQ","timestamp":"2024-07-02T17:42:31.114Z"}
{"level":"info","message":"Consommateur de commandes clients initialisé","timestamp":"2024-07-02T17:42:31.314Z"}
{"level":"info","message":"Serveur démarré sur le port 18301","timestamp":"2024-07-02T17:42:31.318Z"}
{"level":"info","message":"Connecté à MongoDB","timestamp":"2024-07-02T18:05:39.346Z"}
{"level":"info","message":"Connecté à RabbitMQ","timestamp":"2024-07-02T18:05:39.501Z"}
{"level":"info","message":"Consommateur de commandes clients initialisé","timestamp":"2024-07-02T18:05:39.698Z"}
{"level":"info","message":"Serveur démarré sur le port 18301","timestamp":"2024-07-02T18:05:39.704Z"}
{"level":"info","message":"Connecté à MongoDB","timestamp":"2024-07-02T18:24:01.764Z"}
{"level":"info","message":"Connecté à RabbitMQ","timestamp":"2024-07-02T18:24:01.908Z"}
{"level":"info","message":"Consommateur de commandes clients initialisé","timestamp":"2024-07-02T18:24:02.532Z"}
{"level":"info","message":"Serveur démarré sur le port 18301","timestamp":"2024-07-02T18:24:02.538Z"}
{"level":"info","message":"Connecté à MongoDB","timestamp":"2024-07-02T18:24:27.475Z"}
{"level":"info","message":"Connecté à RabbitMQ","timestamp":"2024-07-02T18:24:27.774Z"}
{"level":"info","message":"Consommateur de commandes clients initialisé","timestamp":"2024-07-02T18:24:28.208Z"}
{"level":"info","message":"Serveur démarré sur le port 18301","timestamp":"2024-07-02T18:24:28.225Z"}
{"level":"info","message":"Connecté à MongoDB","timestamp":"2024-07-02T18:26:51.650Z"}
{"level":"info","message":"Connecté à RabbitMQ","timestamp":"2024-07-02T18:26:51.857Z"}
{"level":"info","message":"Consommateur de commandes clients initialisé","timestamp":"2024-07-02T18:26:52.126Z"}
{"level":"info","message":"Serveur démarré sur le port 18301","timestamp":"2024-07-02T18:26:52.133Z"}
{"level":"info","message":"Connecté à MongoDB","timestamp":"2024-07-02T18:48:19.915Z"}
{"level":"error","message":"Erreur de connexion à RabbitMQ: Channel not established","stack":"Error: Channel not established\n    at RabbitMQClient.<anonymous> (C:\\Users\\darsy\\epsi\\mspr4\\Api Orders\\rabbitmq.tsx:34:13)\n    at Generator.next (<anonymous>)\n    at C:\\Users\\darsy\\epsi\\mspr4\\Api Orders\\rabbitmq.tsx:8:71\n    at new Promise (<anonymous>)\n    at __awaiter (C:\\Users\\darsy\\epsi\\mspr4\\Api Orders\\rabbitmq.tsx:4:12)\n    at RabbitMQClient.setup (C:\\Users\\darsy\\epsi\\mspr4\\Api Orders\\rabbitmq.tsx:42:16)\n    at C:\\Users\\darsy\\epsi\\mspr4\\Api Orders\\server.tsx:75:30\n    at Generator.next (<anonymous>)\n    at fulfilled (C:\\Users\\darsy\\epsi\\mspr4\\Api Orders\\server.tsx:5:58)\n    at processTicksAndRejections (node:internal/process/task_queues:95:5)","timestamp":"2024-07-02T18:48:50.013Z"}
{"level":"info","message":"Connecté à MongoDB","timestamp":"2024-07-02T18:49:46.973Z"}
{"level":"info","message":"Connecté à MongoDB","timestamp":"2024-07-02T18:50:15.049Z"}
{"level":"error","message":"Erreur de connexion à RabbitMQ: Channel not established","stack":"Error: Channel not established\n    at RabbitMQClient.<anonymous> (C:\\Users\\darsy\\epsi\\mspr4\\Api Orders\\rabbitmq.tsx:34:13)\n    at Generator.next (<anonymous>)\n    at C:\\Users\\darsy\\epsi\\mspr4\\Api Orders\\rabbitmq.tsx:8:71\n    at new Promise (<anonymous>)\n    at __awaiter (C:\\Users\\darsy\\epsi\\mspr4\\Api Orders\\rabbitmq.tsx:4:12)\n    at RabbitMQClient.setup (C:\\Users\\darsy\\epsi\\mspr4\\Api Orders\\rabbitmq.tsx:42:16)\n    at C:\\Users\\darsy\\epsi\\mspr4\\Api Orders\\server.tsx:75:30\n    at Generator.next (<anonymous>)\n    at fulfilled (C:\\Users\\darsy\\epsi\\mspr4\\Api Orders\\server.tsx:5:58)\n    at processTicksAndRejections (node:internal/process/task_queues:95:5)","timestamp":"2024-07-02T18:50:45.128Z"}
{"level":"info","message":"Connecté à MongoDB","timestamp":"2024-07-02T18:51:54.113Z"}
{"level":"error","message":"Erreur de connexion à RabbitMQ: Channel not established","stack":"Error: Channel not established\n    at RabbitMQClient.<anonymous> (C:\\Users\\darsy\\epsi\\mspr4\\Api Orders\\rabbitmq.tsx:34:13)\n    at Generator.next (<anonymous>)\n    at C:\\Users\\darsy\\epsi\\mspr4\\Api Orders\\rabbitmq.tsx:8:71\n    at new Promise (<anonymous>)\n    at __awaiter (C:\\Users\\darsy\\epsi\\mspr4\\Api Orders\\rabbitmq.tsx:4:12)\n    at RabbitMQClient.setup (C:\\Users\\darsy\\epsi\\mspr4\\Api Orders\\rabbitmq.tsx:42:16)\n    at C:\\Users\\darsy\\epsi\\mspr4\\Api Orders\\server.tsx:75:30\n    at Generator.next (<anonymous>)\n    at fulfilled (C:\\Users\\darsy\\epsi\\mspr4\\Api Orders\\server.tsx:5:58)\n    at processTicksAndRejections (node:internal/process/task_queues:95:5)","timestamp":"2024-07-02T18:52:24.213Z"}
{"level":"info","message":"Connecté à MongoDB","timestamp":"2024-07-02T20:00:56.107Z"}
{"level":"info","message":"Connecté à RabbitMQ","timestamp":"2024-07-02T20:00:56.464Z"}
{"level":"info","message":"Consommateur de commandes clients initialisé","timestamp":"2024-07-02T20:00:57.021Z"}
{"level":"info","message":"Serveur démarré sur le port 18301","timestamp":"2024-07-02T20:00:57.026Z"}
{"level":"info","message":"Connecté à MongoDB","timestamp":"2024-07-02T20:42:56.973Z"}
{"level":"info","message":"Connecté à RabbitMQ","timestamp":"2024-07-02T20:42:57.090Z"}
{"level":"info","message":"Consommateur de commandes clients initialisé","timestamp":"2024-07-02T20:42:57.227Z"}
{"level":"info","message":"Serveur démarré sur le port 18301","timestamp":"2024-07-02T20:42:57.232Z"}
{"level":"info","message":"Connecté à MongoDB","timestamp":"2024-07-02T22:01:55.884Z"}
{"level":"error","message":"Erreur de connexion à RabbitMQ: Channel not established","stack":"Error: Channel not established\n    at RabbitMQClient.<anonymous> (C:\\Users\\darsy\\epsi\\mspr4\\Api Orders\\rabbitmq.tsx:34:13)\n    at Generator.next (<anonymous>)\n    at C:\\Users\\darsy\\epsi\\mspr4\\Api Orders\\rabbitmq.tsx:8:71\n    at new Promise (<anonymous>)\n    at __awaiter (C:\\Users\\darsy\\epsi\\mspr4\\Api Orders\\rabbitmq.tsx:4:12)\n    at RabbitMQClient.setup (C:\\Users\\darsy\\epsi\\mspr4\\Api Orders\\rabbitmq.tsx:42:16)\n    at C:\\Users\\darsy\\epsi\\mspr4\\Api Orders\\server.tsx:75:30\n    at Generator.next (<anonymous>)\n    at fulfilled (C:\\Users\\darsy\\epsi\\mspr4\\Api Orders\\server.tsx:5:58)\n    at processTicksAndRejections (node:internal/process/task_queues:95:5)","timestamp":"2024-07-02T22:02:25.941Z"}
{"level":"info","message":"Connecté à MongoDB","timestamp":"2024-07-03T15:31:41.610Z"}
{"level":"info","message":"Connecté à RabbitMQ","timestamp":"2024-07-03T15:31:42.040Z"}
{"level":"info","message":"Consommateur de commandes clients initialisé","timestamp":"2024-07-03T15:31:42.541Z"}
{"level":"info","message":"Serveur démarré sur le port 18301","timestamp":"2024-07-03T15:31:42.550Z"}
{"level":"info","message":"Connecté à MongoDB","timestamp":"2024-07-03T20:01:10.814Z"}
{"level":"info","message":"Connecté à RabbitMQ","timestamp":"2024-07-03T20:01:11.086Z"}
{"level":"info","message":"Consommateur de commandes clients initialisé","timestamp":"2024-07-03T20:01:11.634Z"}
{"level":"info","message":"Serveur démarré sur le port 18301","timestamp":"2024-07-03T20:01:11.655Z"}
{"level":"info","message":"Connecté à MongoDB","timestamp":"2024-07-03T20:10:16.101Z"}
{"level":"info","message":"Connecté à RabbitMQ","timestamp":"2024-07-03T20:10:16.397Z"}
{"level":"info","message":"Consommateur de commandes clients initialisé","timestamp":"2024-07-03T20:10:16.898Z"}
{"level":"info","message":"Serveur démarré sur le port 18301","timestamp":"2024-07-03T20:10:16.903Z"}
{"level":"info","message":"Arrêt du serveur...","timestamp":"2024-07-03T20:12:54.882Z"}
{"level":"info","message":"Connexion à MongoDB interrompue","timestamp":"2024-07-03T20:12:54.907Z"}
{"level":"info","message":"Connecté à MongoDB","timestamp":"2024-07-03T20:13:20.527Z"}
{"level":"info","message":"Connecté à RabbitMQ","timestamp":"2024-07-03T20:13:20.795Z"}
{"level":"info","message":"Consommateur de commandes clients initialisé","timestamp":"2024-07-03T20:13:21.311Z"}
{"level":"info","message":"Serveur démarré sur le port 18301","timestamp":"2024-07-03T20:13:21.315Z"}
{"level":"warn","message":"Tentative d'accès non autorisé avec la clé API: undefined","timestamp":"2024-07-03T20:14:12.549Z"}
{"level":"info","message":"Connecté à MongoDB","timestamp":"2024-07-03T23:38:18.182Z"}
{"level":"info","message":"Connecté à RabbitMQ","timestamp":"2024-07-03T23:38:18.468Z"}
{"level":"info","message":"Consommateur de commandes clients initialisé","timestamp":"2024-07-03T23:38:18.989Z"}
{"level":"info","message":"Serveur démarré sur le port 18301","timestamp":"2024-07-03T23:38:18.999Z"}
